<?xml version="1.0" encoding="UTF-8"?>
<!-- Generated by org.testng.reporters.JUnitReportReporter -->
<testsuite hostname="LAPTOP-03TF48VN" name="org.git.TC_02" tests="1" failures="0" timestamp="8 Oct 2017 11:08:28 GMT" time="19.547" errors="0">
  <testcase name="logic" time="19.547" classname="org.git.TC_02"/>
</testsuite> <!-- org.git.TC_02 -->
