<?xml version="1.0" encoding="UTF-8"?>
<!-- Generated by org.testng.reporters.JUnitReportReporter -->
<testsuite skipped="0" hostname="LAPTOP-03TF48VN" name="org.git.TC_02" tests="1" failures="0" timestamp="08 Oct 2017 11:04:06 GMT" time="24.810" errors="0">
  <testcase name="logic" time="24.810" classname="org.git.TC_02"/>
</testsuite> <!-- org.git.TC_02 -->
